8895 [Test worker] INFO  o.s.t.w.s.TestDispatcherServlet - Initializing Servlet ''
8901 [Test worker] INFO  o.s.t.w.s.TestDispatcherServlet - Completed initialization in 5 ms
8906 [Test worker] INFO  o.s.d.r.c.DeferredRepositoryInitializationListener - Triggering deferred initialization of Spring Data repositories?
8939 [Test worker] INFO  o.s.d.r.c.DeferredRepositoryInitializationListener - Spring Data repositories initialized!
8942 [Test worker] INFO  c.t.c.c.CalculatorControllerTest - Started CalculatorControllerTest in 0.581 seconds (JVM running for 9.609)
8986 [Test worker] INFO  c.t.c.c.CalculatorController - 5 + 3 = 8
8999 [Test worker] INFO  c.t.c.c.CalculatorController - 5 / 3 = 1
9005 [Test worker] INFO  c.t.c.c.CalculatorController - 5 - 3 = 2
9067 [SpringContextShutdownHook] INFO  o.s.s.c.ThreadPoolTaskExecutor - Shutting down ExecutorService 'applicationTaskExecutor'
9067 [SpringContextShutdownHook] INFO  o.s.o.j.LocalContainerEntityManagerFactoryBean - Closing JPA EntityManagerFactory for persistence unit 'default'
9067 [SpringContextShutdownHook] INFO  o.s.o.j.LocalContainerEntityManagerFactoryBean - Closing JPA EntityManagerFactory for persistence unit 'default'
9067 [SpringContextShutdownHook] INFO  o.h.t.s.i.SchemaDropperImpl$DelayedDropActionImpl - HHH000477: Starting delayed evictData of schema as part of SessionFactory shut-down'
9067 [SpringContextShutdownHook] INFO  o.h.t.s.i.SchemaDropperImpl$DelayedDropActionImpl - HHH000477: Starting delayed evictData of schema as part of SessionFactory shut-down'
9073 [SpringContextShutdownHook] INFO  o.s.s.c.ThreadPoolTaskExecutor - Shutting down ExecutorService 'applicationTaskExecutor'
9073 [SpringContextShutdownHook] INFO  o.s.s.c.ThreadPoolTaskExecutor - Shutting down ExecutorService 'applicationTaskExecutor'
9074 [SpringContextShutdownHook] INFO  com.zaxxer.hikari.HikariDataSource - HikariPool-1 - Shutdown initiated...
9077 [SpringContextShutdownHook] INFO  com.zaxxer.hikari.HikariDataSource - HikariPool-1 - Shutdown completed.
5491 [main] INFO  c.t.c.CalculatorApplication - Starting CalculatorApplication on Pranalis-MacBook-Pro.local with PID 5280 (/Users/pranali/Desktop/calculator/build/classes/java/main started by pranali in /Users/pranali/Desktop/calculator)
5493 [main] DEBUG c.t.c.CalculatorApplication - Running with Spring Boot v2.3.2.RELEASE, Spring v5.2.8.RELEASE
5493 [main] INFO  c.t.c.CalculatorApplication - The following profiles are active: dev
5890 [main] INFO  o.s.d.r.c.RepositoryConfigurationDelegate - Bootstrapping Spring Data JPA repositories in DEFERRED mode.
5931 [main] INFO  o.s.d.r.c.RepositoryConfigurationDelegate - Finished Spring Data repository scanning in 35ms. Found 1 JPA repository interfaces.
6246 [main] INFO  o.s.b.w.e.tomcat.TomcatWebServer - Tomcat initialized with port(s): 8080 (http)
6253 [main] INFO  o.a.coyote.http11.Http11NioProtocol - Initializing ProtocolHandler ["http-nio-8080"]
6254 [main] INFO  o.a.catalina.core.StandardService - Starting service [Tomcat]
6254 [main] INFO  o.a.catalina.core.StandardEngine - Starting Servlet engine: [Apache Tomcat/9.0.37]
6322 [main] INFO  o.a.c.c.C.[Tomcat].[localhost].[/] - Initializing Spring embedded WebApplicationContext
6322 [main] INFO  o.s.b.w.s.c.ServletWebServerApplicationContext - Root WebApplicationContext: initialization completed in 797 ms
6428 [main] INFO  o.s.s.c.ThreadPoolTaskExecutor - Initializing ExecutorService 'applicationTaskExecutor'
6453 [task-1] INFO  o.h.jpa.internal.util.LogHelper - HHH000204: Processing PersistenceUnitInfo [name: default]
6477 [main] WARN  o.s.b.a.o.j.JpaBaseConfiguration$JpaWebConfiguration - spring.jpa.open-in-view is enabled by default. Therefore, database queries may be performed during view rendering. Explicitly configure spring.jpa.open-in-view to disable this warning
6480 [task-1] INFO  org.hibernate.Version - HHH000412: Hibernate ORM core version 5.4.18.Final
6568 [task-1] INFO  o.h.annotations.common.Version - HCANN000001: Hibernate Commons Annotations {5.1.0.Final}
6627 [task-1] INFO  com.zaxxer.hikari.HikariDataSource - HikariPool-1 - Starting...
6696 [task-1] INFO  com.zaxxer.hikari.HikariDataSource - HikariPool-1 - Start completed.
6710 [task-1] INFO  org.hibernate.dialect.Dialect - HHH000400: Using dialect: org.hibernate.dialect.PostgreSQL10Dialect
6711 [main] INFO  o.a.coyote.http11.Http11NioProtocol - Starting ProtocolHandler ["http-nio-8080"]
6731 [main] INFO  o.s.b.w.e.tomcat.TomcatWebServer - Tomcat started on port(s): 8080 (http) with context path ''
6732 [main] INFO  o.s.d.r.c.DeferredRepositoryInitializationListener - Triggering deferred initialization of Spring Data repositories?
7504 [task-1] WARN  o.h.e.jdbc.spi.SqlExceptionHelper - SQL Warning Code: 0, SQLState: 00000
7504 [task-1] WARN  o.h.e.jdbc.spi.SqlExceptionHelper - table "calculator" does not exist, skipping
7507 [task-1] WARN  o.h.e.jdbc.spi.SqlExceptionHelper - SQL Warning Code: 0, SQLState: 00000
7507 [task-1] WARN  o.h.e.jdbc.spi.SqlExceptionHelper - sequence "hibernate_sequence" does not exist, skipping
7519 [task-1] INFO  o.h.e.t.j.p.i.JtaPlatformInitiator - HHH000490: Using JtaPlatform implementation: [org.hibernate.engine.transaction.jta.platform.internal.NoJtaPlatform]
