9230 [SpringContextShutdownHook] INFO  com.zaxxer.hikari.HikariDataSource - HikariPool-1 - Shutdown completed.
5589 [Test worker] INFO  c.t.c.CalculatorApplicationTests - Starting CalculatorApplicationTests on Pranalis-MacBook-Pro.local with PID 5255 (started by pranali in /Users/pranali/Desktop/calculator)
5590 [Test worker] DEBUG c.t.c.CalculatorApplicationTests - Running with Spring Boot v2.3.2.RELEASE, Spring v5.2.8.RELEASE
5590 [Test worker] INFO  c.t.c.CalculatorApplicationTests - The following profiles are active: test
6055 [Test worker] INFO  o.s.d.r.c.RepositoryConfigurationDelegate - Bootstrapping Spring Data JPA repositories in DEFERRED mode.
6108 [Test worker] INFO  o.s.d.r.c.RepositoryConfigurationDelegate - Finished Spring Data repository scanning in 45ms. Found 1 JPA repository interfaces.
6551 [Test worker] INFO  o.s.s.c.ThreadPoolTaskExecutor - Initializing ExecutorService 'applicationTaskExecutor'
6566 [Test worker] INFO  com.zaxxer.hikari.HikariDataSource - HikariPool-1 - Starting...
6711 [Test worker] INFO  com.zaxxer.hikari.HikariDataSource - HikariPool-1 - Start completed.
6773 [task-1] INFO  o.h.jpa.internal.util.LogHelper - HHH000204: Processing PersistenceUnitInfo [name: default]
6815 [task-1] INFO  org.hibernate.Version - HHH000412: Hibernate ORM core version 5.4.18.Final
6937 [Test worker] WARN  o.s.b.a.o.j.JpaBaseConfiguration$JpaWebConfiguration - spring.jpa.open-in-view is enabled by default. Therefore, database queries may be performed during view rendering. Explicitly configure spring.jpa.open-in-view to disable this warning
6941 [task-1] INFO  o.h.annotations.common.Version - HCANN000001: Hibernate Commons Annotations {5.1.0.Final}
7037 [task-1] INFO  org.hibernate.dialect.Dialect - HHH000400: Using dialect: org.hibernate.dialect.H2Dialect
7364 [Test worker] INFO  o.s.b.a.h.H2ConsoleAutoConfiguration - H2 console available at '/h2-console'. Database available at 'jdbc:h2:mem:testdb'
7419 [Test worker] INFO  o.s.d.r.c.DeferredRepositoryInitializationListener - Triggering deferred initialization of Spring Data repositories?
7568 [task-1] INFO  o.h.e.t.j.p.i.JtaPlatformInitiator - HHH000490: Using JtaPlatform implementation: [org.hibernate.engine.transaction.jta.platform.internal.NoJtaPlatform]
7574 [task-1] INFO  o.s.o.j.LocalContainerEntityManagerFactoryBean - Initialized JPA EntityManagerFactory for persistence unit 'default'
7716 [Test worker] INFO  o.s.d.r.c.DeferredRepositoryInitializationListener - Spring Data repositories initialized!
7724 [Test worker] INFO  c.t.c.CalculatorApplicationTests - Started CalculatorApplicationTests in 7.438 seconds (JVM running for 8.391)
7824 [Test worker] INFO  o.s.b.t.a.w.s.WebMvcTestContextBootstrapper - Neither @ContextConfiguration nor @ContextHierarchy found for test class [com.tw.calculator.controller.CalculatorControllerMockServiceTest], using SpringBootContextLoader
7825 [Test worker] INFO  o.s.t.c.s.AbstractContextLoader - Could not detect default resource locations for test class [com.tw.calculator.controller.CalculatorControllerMockServiceTest]: no resource found for suffixes {-context.xml, Context.groovy}.
7825 [Test worker] INFO  o.s.t.c.s.AnnotationConfigContextLoaderUtils - Could not detect default configuration classes for test class [com.tw.calculator.controller.CalculatorControllerMockServiceTest]: CalculatorControllerMockServiceTest does not declare any static, non-private, non-final, nested classes annotated with @Configuration.
7839 [Test worker] INFO  o.s.b.t.c.SpringBootTestContextBootstrapper - Found @SpringBootConfiguration com.tw.calculator.CalculatorApplication for test class com.tw.calculator.controller.CalculatorControllerMockServiceTest
7839 [Test worker] INFO  o.s.b.t.a.w.s.WebMvcTestContextBootstrapper - Loaded default TestExecutionListener class names from location [META-INF/spring.factories]: [org.springframework.boot.test.autoconfigure.restdocs.RestDocsTestExecutionListener, org.springframework.boot.test.autoconfigure.web.client.MockRestServiceServerResetTestExecutionListener, org.springframework.boot.test.autoconfigure.web.servlet.MockMvcPrintOnlyOnFailureTestExecutionListener, org.springframework.boot.test.autoconfigure.web.servlet.WebDriverTestExecutionListener, org.springframework.boot.test.autoconfigure.webservices.client.MockWebServiceServerTestExecutionListener, org.springframework.boot.test.mock.mockito.MockitoTestExecutionListener, org.springframework.boot.test.mock.mockito.ResetMocksTestExecutionListener, org.springframework.test.context.web.ServletTestExecutionListener, org.springframework.test.context.support.DirtiesContextBeforeModesTestExecutionListener, org.springframework.test.context.support.DependencyInjectionTestExecutionListener, org.springframework.test.context.support.DirtiesContextTestExecutionListener, org.springframework.test.context.transaction.TransactionalTestExecutionListener, org.springframework.test.context.jdbc.SqlScriptsTestExecutionListener, org.springframework.test.context.event.EventPublishingTestExecutionListener]
7840 [Test worker] INFO  o.s.b.t.a.w.s.WebMvcTestContextBootstrapper - Using TestExecutionListeners: [org.springframework.test.context.web.ServletTestExecutionListener@34920268, org.springframework.test.context.support.DirtiesContextBeforeModesTestExecutionListener@1c794e3f, org.springframework.boot.test.mock.mockito.MockitoTestExecutionListener@666372be, org.springframework.boot.test.autoconfigure.SpringBootDependencyInjectionTestExecutionListener@222eb708, org.springframework.test.context.support.DirtiesContextTestExecutionListener@60b6067, org.springframework.test.context.transaction.TransactionalTestExecutionListener@5055de2f, org.springframework.test.context.jdbc.SqlScriptsTestExecutionListener@2ddea019, org.springframework.test.context.event.EventPublishingTestExecutionListener@7a9fc45d, org.springframework.boot.test.autoconfigure.restdocs.RestDocsTestExecutionListener@27ca8b31, org.springframework.boot.test.autoconfigure.web.client.MockRestServiceServerResetTestExecutionListener@59909d41, org.springframework.boot.test.autoconfigure.web.servlet.MockMvcPrintOnlyOnFailureTestExecutionListener@1962002, org.springframework.boot.test.autoconfigure.web.servlet.WebDriverTestExecutionListener@52fa141, org.springframework.boot.test.autoconfigure.webservices.client.MockWebServiceServerTestExecutionListener@764f21d6, org.springframework.boot.test.mock.mockito.ResetMocksTestExecutionListener@2be8c0cb]
7863 [Test worker] INFO  c.t.c.c.CalculatorControllerMockServiceTest - Starting CalculatorControllerMockServiceTest on Pranalis-MacBook-Pro.local with PID 5255 (started by pranali in /Users/pranali/Desktop/calculator)
7863 [Test worker] DEBUG c.t.c.c.CalculatorControllerMockServiceTest - Running with Spring Boot v2.3.2.RELEASE, Spring v5.2.8.RELEASE
7863 [Test worker] INFO  c.t.c.c.CalculatorControllerMockServiceTest - The following profiles are active: test
8102 [Test worker] INFO  o.s.s.c.ThreadPoolTaskExecutor - Initializing ExecutorService 'applicationTaskExecutor'
8194 [Test worker] INFO  o.s.b.t.m.w.SpringBootMockServletContext - Initializing Spring TestDispatcherServlet ''
8194 [Test worker] INFO  o.s.t.w.s.TestDispatcherServlet - Initializing Servlet ''
