6920 [task-1] INFO  o.h.annotations.common.Version - HCANN000001: Hibernate Commons Annotations {5.1.0.Final}
7023 [task-1] INFO  org.hibernate.dialect.Dialect - HHH000400: Using dialect: org.hibernate.dialect.H2Dialect
7431 [Test worker] INFO  o.s.b.a.h.H2ConsoleAutoConfiguration - H2 console available at '/h2-console'. Database available at 'jdbc:h2:mem:testdb'
7488 [Test worker] INFO  o.s.d.r.c.DeferredRepositoryInitializationListener - Triggering deferred initialization of Spring Data repositories…
7659 [task-1] INFO  o.h.e.t.j.p.i.JtaPlatformInitiator - HHH000490: Using JtaPlatform implementation: [org.hibernate.engine.transaction.jta.platform.internal.NoJtaPlatform]
7665 [task-1] INFO  o.s.o.j.LocalContainerEntityManagerFactoryBean - Initialized JPA EntityManagerFactory for persistence unit 'default'
7804 [Test worker] INFO  o.s.d.r.c.DeferredRepositoryInitializationListener - Spring Data repositories initialized!
7812 [Test worker] INFO  c.t.c.CalculatorApplicationTests - Started CalculatorApplicationTests in 7.506 seconds (JVM running for 8.584)
7919 [Test worker] INFO  o.s.b.t.a.w.s.WebMvcTestContextBootstrapper - Neither @ContextConfiguration nor @ContextHierarchy found for test class [com.tw.calculator.controller.CalculatorControllerMockServiceTest], using SpringBootContextLoader
7920 [Test worker] INFO  o.s.t.c.s.AbstractContextLoader - Could not detect default resource locations for test class [com.tw.calculator.controller.CalculatorControllerMockServiceTest]: no resource found for suffixes {-context.xml, Context.groovy}.
7920 [Test worker] INFO  o.s.t.c.s.AnnotationConfigContextLoaderUtils - Could not detect default configuration classes for test class [com.tw.calculator.controller.CalculatorControllerMockServiceTest]: CalculatorControllerMockServiceTest does not declare any static, non-private, non-final, nested classes annotated with @Configuration.
7949 [Test worker] INFO  o.s.b.t.c.SpringBootTestContextBootstrapper - Found @SpringBootConfiguration com.tw.calculator.CalculatorApplication for test class com.tw.calculator.controller.CalculatorControllerMockServiceTest
7951 [Test worker] INFO  o.s.b.t.a.w.s.WebMvcTestContextBootstrapper - Loaded default TestExecutionListener class names from location [META-INF/spring.factories]: [org.springframework.boot.test.autoconfigure.restdocs.RestDocsTestExecutionListener, org.springframework.boot.test.autoconfigure.web.client.MockRestServiceServerResetTestExecutionListener, org.springframework.boot.test.autoconfigure.web.servlet.MockMvcPrintOnlyOnFailureTestExecutionListener, org.springframework.boot.test.autoconfigure.web.servlet.WebDriverTestExecutionListener, org.springframework.boot.test.autoconfigure.webservices.client.MockWebServiceServerTestExecutionListener, org.springframework.boot.test.mock.mockito.MockitoTestExecutionListener, org.springframework.boot.test.mock.mockito.ResetMocksTestExecutionListener, org.springframework.test.context.web.ServletTestExecutionListener, org.springframework.test.context.support.DirtiesContextBeforeModesTestExecutionListener, org.springframework.test.context.support.DependencyInjectionTestExecutionListener, org.springframework.test.context.support.DirtiesContextTestExecutionListener, org.springframework.test.context.transaction.TransactionalTestExecutionListener, org.springframework.test.context.jdbc.SqlScriptsTestExecutionListener, org.springframework.test.context.event.EventPublishingTestExecutionListener]
7951 [Test worker] INFO  o.s.b.t.a.w.s.WebMvcTestContextBootstrapper - Using TestExecutionListeners: [org.springframework.test.context.web.ServletTestExecutionListener@128b6509, org.springframework.test.context.support.DirtiesContextBeforeModesTestExecutionListener@6f454f3c, org.springframework.boot.test.mock.mockito.MockitoTestExecutionListener@8d4b219, org.springframework.boot.test.autoconfigure.SpringBootDependencyInjectionTestExecutionListener@120913f3, org.springframework.test.context.support.DirtiesContextTestExecutionListener@5be39f96, org.springframework.test.context.transaction.TransactionalTestExecutionListener@1e9a0779, org.springframework.test.context.jdbc.SqlScriptsTestExecutionListener@33f33ac9, org.springframework.test.context.event.EventPublishingTestExecutionListener@693f21cf, org.springframework.boot.test.autoconfigure.restdocs.RestDocsTestExecutionListener@2e671c51, org.springframework.boot.test.autoconfigure.web.client.MockRestServiceServerResetTestExecutionListener@6008772b, org.springframework.boot.test.autoconfigure.web.servlet.MockMvcPrintOnlyOnFailureTestExecutionListener@4a873c91, org.springframework.boot.test.autoconfigure.web.servlet.WebDriverTestExecutionListener@5a265d57, org.springframework.boot.test.autoconfigure.webservices.client.MockWebServiceServerTestExecutionListener@4cb557d6, org.springframework.boot.test.mock.mockito.ResetMocksTestExecutionListener@6fa7d044]
7986 [Test worker] INFO  c.t.c.c.CalculatorControllerMockServiceTest - Starting CalculatorControllerMockServiceTest on Pranalis-MacBook-Pro.local with PID 5104 (started by pranali in /Users/pranali/Desktop/calculator)
7986 [Test worker] DEBUG c.t.c.c.CalculatorControllerMockServiceTest - Running with Spring Boot v2.3.2.RELEASE, Spring v5.2.8.RELEASE
7986 [Test worker] INFO  c.t.c.c.CalculatorControllerMockServiceTest - The following profiles are active: test
8242 [Test worker] INFO  o.s.s.c.ThreadPoolTaskExecutor - Initializing ExecutorService 'applicationTaskExecutor'
8350 [Test worker] INFO  o.s.b.t.m.w.SpringBootMockServletContext - Initializing Spring TestDispatcherServlet ''
8351 [Test worker] INFO  o.s.t.w.s.TestDispatcherServlet - Initializing Servlet ''
